{"name":"att.webrtc.dhs","hostname":"Vus-MacBook-Pro.local","pid":11747,"level":30,"app_scope":"ACCOUNT_ID","msg":">>> createAccessToken","time":"2015-01-05T00:50:44.525Z","v":0}
{"name":"att.webrtc.dhs","hostname":"Vus-MacBook-Pro.local","pid":11747,"level":30,"msg":"ADDED: CORS Headers","time":"2015-01-05T00:50:44.525Z","v":0}
{"name":"att.webrtc.dhs","hostname":"Vus-MacBook-Pro.local","pid":11747,"level":30,"msg":"Calculated grant_type: client_credentials","time":"2015-01-05T00:50:44.527Z","v":0}
{"name":"att.webrtc.dhs","hostname":"Vus-MacBook-Pro.local","pid":11747,"level":30,"msg":"Calculated scope: WEBRTC","time":"2015-01-05T00:50:44.527Z","v":0}
{"name":"att.webrtc.dhs","hostname":"Vus-MacBook-Pro.local","pid":11747,"level":30,"client_id":"h8qgmjdlnpo46wny7uansluas9av4cxn","client_secret":"bjiycsteytv5pn599bezyslxirplibk5","grant_type":"client_credentials","scope":"WEBRTC","msg":"DONE: API request payload prepared","time":"2015-01-05T00:50:44.527Z","v":0}
{"name":"att.webrtc.dhs","hostname":"Vus-MacBook-Pro.local","pid":11747,"level":30,"url":"https://api.att.com","userAgent":"att.webrtc.dhs","accept":"application/json","rejectUnauthorized":false,"msg":"Options to send in API request","time":"2015-01-05T00:50:44.527Z","v":0}
{"name":"att.webrtc.dhs","hostname":"Vus-MacBook-Pro.local","pid":11747,"level":30,"msg":"DONE: Created stringClient","time":"2015-01-05T00:50:44.528Z","v":0}
{"name":"att.webrtc.dhs","hostname":"Vus-MacBook-Pro.local","pid":11747,"level":30,"msg":"{\"access_token\":\"lDow8MQ819qn1SWgug9nJeeJBYAUsfNg\",\"token_type\":\"bearer\",\"expires_in\":157680000,\"refresh_token\":\"B8obwUH9RcwgVPKHh7W1CJnnHldkeBXF\"} SUCCESS invoking API","time":"2015-01-05T00:50:45.382Z","v":0}
{"name":"att.webrtc.dhs","hostname":"Vus-MacBook-Pro.local","pid":11747,"level":30,"app_scope":"ACCOUNT_ID","msg":">>> createAccessToken","time":"2015-01-05T00:50:46.031Z","v":0}
{"name":"att.webrtc.dhs","hostname":"Vus-MacBook-Pro.local","pid":11747,"level":30,"msg":"ADDED: CORS Headers","time":"2015-01-05T00:50:46.031Z","v":0}
{"name":"att.webrtc.dhs","hostname":"Vus-MacBook-Pro.local","pid":11747,"level":30,"msg":"Calculated grant_type: client_credentials","time":"2015-01-05T00:50:46.031Z","v":0}
{"name":"att.webrtc.dhs","hostname":"Vus-MacBook-Pro.local","pid":11747,"level":30,"msg":"Calculated scope: WEBRTC","time":"2015-01-05T00:50:46.031Z","v":0}
{"name":"att.webrtc.dhs","hostname":"Vus-MacBook-Pro.local","pid":11747,"level":30,"client_id":"h8qgmjdlnpo46wny7uansluas9av4cxn","client_secret":"bjiycsteytv5pn599bezyslxirplibk5","grant_type":"client_credentials","scope":"WEBRTC","msg":"DONE: API request payload prepared","time":"2015-01-05T00:50:46.031Z","v":0}
{"name":"att.webrtc.dhs","hostname":"Vus-MacBook-Pro.local","pid":11747,"level":30,"url":"https://api.att.com","userAgent":"att.webrtc.dhs","accept":"application/json","rejectUnauthorized":false,"msg":"Options to send in API request","time":"2015-01-05T00:50:46.031Z","v":0}
{"name":"att.webrtc.dhs","hostname":"Vus-MacBook-Pro.local","pid":11747,"level":30,"msg":"DONE: Created stringClient","time":"2015-01-05T00:50:46.032Z","v":0}
{"name":"att.webrtc.dhs","hostname":"Vus-MacBook-Pro.local","pid":11747,"level":30,"msg":"{\"access_token\":\"k7BtqXxYU0tZbMzeXT5Hc1LDEfmz8rDG\",\"token_type\":\"bearer\",\"expires_in\":157680000,\"refresh_token\":\"gKU8J3Zco7pVRSIPGjmKAwwOCRkHjLiH\"} SUCCESS invoking API","time":"2015-01-05T00:50:46.739Z","v":0}
{"name":"att.webrtc.dhs","hostname":"Vus-MacBook-Pro.local","pid":11747,"level":30,"app_scope":"ACCOUNT_ID","msg":">>> createAccessToken","time":"2015-01-05T00:52:20.668Z","v":0}
{"name":"att.webrtc.dhs","hostname":"Vus-MacBook-Pro.local","pid":11747,"level":30,"msg":"ADDED: CORS Headers","time":"2015-01-05T00:52:20.668Z","v":0}
{"name":"att.webrtc.dhs","hostname":"Vus-MacBook-Pro.local","pid":11747,"level":30,"msg":"Calculated grant_type: client_credentials","time":"2015-01-05T00:52:20.668Z","v":0}
{"name":"att.webrtc.dhs","hostname":"Vus-MacBook-Pro.local","pid":11747,"level":30,"msg":"Calculated scope: WEBRTC","time":"2015-01-05T00:52:20.668Z","v":0}
{"name":"att.webrtc.dhs","hostname":"Vus-MacBook-Pro.local","pid":11747,"level":30,"client_id":"h8qgmjdlnpo46wny7uansluas9av4cxn","client_secret":"bjiycsteytv5pn599bezyslxirplibk5","grant_type":"client_credentials","scope":"WEBRTC","msg":"DONE: API request payload prepared","time":"2015-01-05T00:52:20.669Z","v":0}
{"name":"att.webrtc.dhs","hostname":"Vus-MacBook-Pro.local","pid":11747,"level":30,"url":"https://api.att.com","userAgent":"att.webrtc.dhs","accept":"application/json","rejectUnauthorized":false,"msg":"Options to send in API request","time":"2015-01-05T00:52:20.669Z","v":0}
{"name":"att.webrtc.dhs","hostname":"Vus-MacBook-Pro.local","pid":11747,"level":30,"msg":"DONE: Created stringClient","time":"2015-01-05T00:52:20.669Z","v":0}
{"name":"att.webrtc.dhs","hostname":"Vus-MacBook-Pro.local","pid":11747,"level":30,"msg":"{\"access_token\":\"G0FFNGRYV938Rj9QWB3Vi0qFhcNJU00L\",\"token_type\":\"bearer\",\"expires_in\":157680000,\"refresh_token\":\"0ryGvJzyVa7G3eD64V46HOWORatAUxQx\"} SUCCESS invoking API","time":"2015-01-05T00:52:21.474Z","v":0}
{"name":"att.webrtc.dhs","hostname":"Vus-MacBook-Pro.local","pid":11747,"level":30,"app_scope":"ACCOUNT_ID","msg":">>> createAccessToken","time":"2015-01-05T00:52:23.434Z","v":0}
{"name":"att.webrtc.dhs","hostname":"Vus-MacBook-Pro.local","pid":11747,"level":30,"msg":"ADDED: CORS Headers","time":"2015-01-05T00:52:23.434Z","v":0}
{"name":"att.webrtc.dhs","hostname":"Vus-MacBook-Pro.local","pid":11747,"level":30,"msg":"Calculated grant_type: client_credentials","time":"2015-01-05T00:52:23.434Z","v":0}
{"name":"att.webrtc.dhs","hostname":"Vus-MacBook-Pro.local","pid":11747,"level":30,"msg":"Calculated scope: WEBRTC","time":"2015-01-05T00:52:23.434Z","v":0}
{"name":"att.webrtc.dhs","hostname":"Vus-MacBook-Pro.local","pid":11747,"level":30,"client_id":"h8qgmjdlnpo46wny7uansluas9av4cxn","client_secret":"bjiycsteytv5pn599bezyslxirplibk5","grant_type":"client_credentials","scope":"WEBRTC","msg":"DONE: API request payload prepared","time":"2015-01-05T00:52:23.434Z","v":0}
{"name":"att.webrtc.dhs","hostname":"Vus-MacBook-Pro.local","pid":11747,"level":30,"url":"https://api.att.com","userAgent":"att.webrtc.dhs","accept":"application/json","rejectUnauthorized":false,"msg":"Options to send in API request","time":"2015-01-05T00:52:23.434Z","v":0}
{"name":"att.webrtc.dhs","hostname":"Vus-MacBook-Pro.local","pid":11747,"level":30,"msg":"DONE: Created stringClient","time":"2015-01-05T00:52:23.435Z","v":0}
{"name":"att.webrtc.dhs","hostname":"Vus-MacBook-Pro.local","pid":11747,"level":30,"msg":"{\"access_token\":\"MLpSziFZCDw7QdICsphYQpFEg5zVWkWs\",\"token_type\":\"bearer\",\"expires_in\":157679999,\"refresh_token\":\"draEXmJCCntUIROiWElVy2EEeQH14peo\"} SUCCESS invoking API","time":"2015-01-05T00:52:24.089Z","v":0}
{"name":"att.webrtc.dhs","hostname":"Vus-MacBook-Pro.local","pid":11747,"level":30,"app_scope":"ACCOUNT_ID","msg":">>> createAccessToken","time":"2015-01-05T00:52:41.460Z","v":0}
{"name":"att.webrtc.dhs","hostname":"Vus-MacBook-Pro.local","pid":11747,"level":30,"msg":"ADDED: CORS Headers","time":"2015-01-05T00:52:41.460Z","v":0}
{"name":"att.webrtc.dhs","hostname":"Vus-MacBook-Pro.local","pid":11747,"level":30,"msg":"Calculated grant_type: client_credentials","time":"2015-01-05T00:52:41.460Z","v":0}
{"name":"att.webrtc.dhs","hostname":"Vus-MacBook-Pro.local","pid":11747,"level":30,"msg":"Calculated scope: WEBRTC","time":"2015-01-05T00:52:41.460Z","v":0}
{"name":"att.webrtc.dhs","hostname":"Vus-MacBook-Pro.local","pid":11747,"level":30,"client_id":"h8qgmjdlnpo46wny7uansluas9av4cxn","client_secret":"bjiycsteytv5pn599bezyslxirplibk5","grant_type":"client_credentials","scope":"WEBRTC","msg":"DONE: API request payload prepared","time":"2015-01-05T00:52:41.460Z","v":0}
{"name":"att.webrtc.dhs","hostname":"Vus-MacBook-Pro.local","pid":11747,"level":30,"url":"https://api.att.com","userAgent":"att.webrtc.dhs","accept":"application/json","rejectUnauthorized":false,"msg":"Options to send in API request","time":"2015-01-05T00:52:41.460Z","v":0}
{"name":"att.webrtc.dhs","hostname":"Vus-MacBook-Pro.local","pid":11747,"level":30,"msg":"DONE: Created stringClient","time":"2015-01-05T00:52:41.461Z","v":0}
{"name":"att.webrtc.dhs","hostname":"Vus-MacBook-Pro.local","pid":11747,"level":30,"msg":"{\"access_token\":\"SoPuYlCO2PlmbfKtZtzaHrfpqdkppt22\",\"token_type\":\"bearer\",\"expires_in\":157679999,\"refresh_token\":\"RNfyYSYW2o2Le90P1eKpFmAdtvboN9Pz\"} SUCCESS invoking API","time":"2015-01-05T00:52:42.343Z","v":0}
{"name":"att.webrtc.dhs","hostname":"Vus-MacBook-Pro.local","pid":11747,"level":30,"app_scope":"ACCOUNT_ID","msg":">>> createAccessToken","time":"2015-01-05T00:52:43.112Z","v":0}
{"name":"att.webrtc.dhs","hostname":"Vus-MacBook-Pro.local","pid":11747,"level":30,"msg":"ADDED: CORS Headers","time":"2015-01-05T00:52:43.112Z","v":0}
{"name":"att.webrtc.dhs","hostname":"Vus-MacBook-Pro.local","pid":11747,"level":30,"msg":"Calculated grant_type: client_credentials","time":"2015-01-05T00:52:43.112Z","v":0}
{"name":"att.webrtc.dhs","hostname":"Vus-MacBook-Pro.local","pid":11747,"level":30,"msg":"Calculated scope: WEBRTC","time":"2015-01-05T00:52:43.113Z","v":0}
{"name":"att.webrtc.dhs","hostname":"Vus-MacBook-Pro.local","pid":11747,"level":30,"client_id":"h8qgmjdlnpo46wny7uansluas9av4cxn","client_secret":"bjiycsteytv5pn599bezyslxirplibk5","grant_type":"client_credentials","scope":"WEBRTC","msg":"DONE: API request payload prepared","time":"2015-01-05T00:52:43.113Z","v":0}
{"name":"att.webrtc.dhs","hostname":"Vus-MacBook-Pro.local","pid":11747,"level":30,"url":"https://api.att.com","userAgent":"att.webrtc.dhs","accept":"application/json","rejectUnauthorized":false,"msg":"Options to send in API request","time":"2015-01-05T00:52:43.113Z","v":0}
{"name":"att.webrtc.dhs","hostname":"Vus-MacBook-Pro.local","pid":11747,"level":30,"msg":"DONE: Created stringClient","time":"2015-01-05T00:52:43.113Z","v":0}
{"name":"att.webrtc.dhs","hostname":"Vus-MacBook-Pro.local","pid":11747,"level":30,"msg":"{\"access_token\":\"KkClbcRt5QibaV5C5u6DqGduHQN7cbYU\",\"token_type\":\"bearer\",\"expires_in\":157680000,\"refresh_token\":\"wDIbOhXyIMb3HarTSnHoWx7u6rAqO8HF\"} SUCCESS invoking API","time":"2015-01-05T00:52:43.771Z","v":0}
{"name":"att.webrtc.dhs","hostname":"Vus-MacBook-Pro.local","pid":11747,"level":30,"app_scope":"ACCOUNT_ID","msg":">>> createAccessToken","time":"2015-01-05T01:00:55.749Z","v":0}
{"name":"att.webrtc.dhs","hostname":"Vus-MacBook-Pro.local","pid":11747,"level":30,"msg":"ADDED: CORS Headers","time":"2015-01-05T01:00:55.749Z","v":0}
{"name":"att.webrtc.dhs","hostname":"Vus-MacBook-Pro.local","pid":11747,"level":30,"msg":"Calculated grant_type: client_credentials","time":"2015-01-05T01:00:55.749Z","v":0}
{"name":"att.webrtc.dhs","hostname":"Vus-MacBook-Pro.local","pid":11747,"level":30,"msg":"Calculated scope: WEBRTC","time":"2015-01-05T01:00:55.749Z","v":0}
{"name":"att.webrtc.dhs","hostname":"Vus-MacBook-Pro.local","pid":11747,"level":30,"client_id":"h8qgmjdlnpo46wny7uansluas9av4cxn","client_secret":"bjiycsteytv5pn599bezyslxirplibk5","grant_type":"client_credentials","scope":"WEBRTC","msg":"DONE: API request payload prepared","time":"2015-01-05T01:00:55.749Z","v":0}
{"name":"att.webrtc.dhs","hostname":"Vus-MacBook-Pro.local","pid":11747,"level":30,"url":"https://api.att.com","userAgent":"att.webrtc.dhs","accept":"application/json","rejectUnauthorized":false,"msg":"Options to send in API request","time":"2015-01-05T01:00:55.749Z","v":0}
{"name":"att.webrtc.dhs","hostname":"Vus-MacBook-Pro.local","pid":11747,"level":30,"msg":"DONE: Created stringClient","time":"2015-01-05T01:00:55.749Z","v":0}
{"name":"att.webrtc.dhs","hostname":"Vus-MacBook-Pro.local","pid":11747,"level":30,"msg":"{\"access_token\":\"d7lbnbnT1sxcASPn6RXPNwFBAvTc1T7M\",\"token_type\":\"bearer\",\"expires_in\":157680000,\"refresh_token\":\"zQqPQCPXeTCIluq4l5icQHQMjKewgxwF\"} SUCCESS invoking API","time":"2015-01-05T01:00:56.564Z","v":0}
{"name":"att.webrtc.dhs","hostname":"Vus-MacBook-Pro.local","pid":11747,"level":30,"app_scope":"ACCOUNT_ID","msg":">>> createAccessToken","time":"2015-01-05T01:00:57.075Z","v":0}
{"name":"att.webrtc.dhs","hostname":"Vus-MacBook-Pro.local","pid":11747,"level":30,"msg":"ADDED: CORS Headers","time":"2015-01-05T01:00:57.075Z","v":0}
{"name":"att.webrtc.dhs","hostname":"Vus-MacBook-Pro.local","pid":11747,"level":30,"msg":"Calculated grant_type: client_credentials","time":"2015-01-05T01:00:57.075Z","v":0}
{"name":"att.webrtc.dhs","hostname":"Vus-MacBook-Pro.local","pid":11747,"level":30,"msg":"Calculated scope: WEBRTC","time":"2015-01-05T01:00:57.075Z","v":0}
{"name":"att.webrtc.dhs","hostname":"Vus-MacBook-Pro.local","pid":11747,"level":30,"client_id":"h8qgmjdlnpo46wny7uansluas9av4cxn","client_secret":"bjiycsteytv5pn599bezyslxirplibk5","grant_type":"client_credentials","scope":"WEBRTC","msg":"DONE: API request payload prepared","time":"2015-01-05T01:00:57.075Z","v":0}
{"name":"att.webrtc.dhs","hostname":"Vus-MacBook-Pro.local","pid":11747,"level":30,"url":"https://api.att.com","userAgent":"att.webrtc.dhs","accept":"application/json","rejectUnauthorized":false,"msg":"Options to send in API request","time":"2015-01-05T01:00:57.075Z","v":0}
{"name":"att.webrtc.dhs","hostname":"Vus-MacBook-Pro.local","pid":11747,"level":30,"msg":"DONE: Created stringClient","time":"2015-01-05T01:00:57.076Z","v":0}
{"name":"att.webrtc.dhs","hostname":"Vus-MacBook-Pro.local","pid":11747,"level":30,"msg":"{\"access_token\":\"Rw02JU6lStuviHCXLK4uVmTI8u3MSySK\",\"token_type\":\"bearer\",\"expires_in\":157680000,\"refresh_token\":\"IQDfeaX8GgsoOgdlMB0Fjx5IFXVC6bcC\"} SUCCESS invoking API","time":"2015-01-05T01:00:57.780Z","v":0}
{"name":"att.webrtc.dhs","hostname":"Vus-MacBook-Pro.local","pid":11747,"level":30,"app_scope":"ACCOUNT_ID","msg":">>> createAccessToken","time":"2015-01-05T01:01:57.012Z","v":0}
{"name":"att.webrtc.dhs","hostname":"Vus-MacBook-Pro.local","pid":11747,"level":30,"msg":"ADDED: CORS Headers","time":"2015-01-05T01:01:57.012Z","v":0}
{"name":"att.webrtc.dhs","hostname":"Vus-MacBook-Pro.local","pid":11747,"level":30,"msg":"Calculated grant_type: client_credentials","time":"2015-01-05T01:01:57.012Z","v":0}
{"name":"att.webrtc.dhs","hostname":"Vus-MacBook-Pro.local","pid":11747,"level":30,"msg":"Calculated scope: WEBRTC","time":"2015-01-05T01:01:57.012Z","v":0}
{"name":"att.webrtc.dhs","hostname":"Vus-MacBook-Pro.local","pid":11747,"level":30,"client_id":"h8qgmjdlnpo46wny7uansluas9av4cxn","client_secret":"bjiycsteytv5pn599bezyslxirplibk5","grant_type":"client_credentials","scope":"WEBRTC","msg":"DONE: API request payload prepared","time":"2015-01-05T01:01:57.012Z","v":0}
{"name":"att.webrtc.dhs","hostname":"Vus-MacBook-Pro.local","pid":11747,"level":30,"url":"https://api.att.com","userAgent":"att.webrtc.dhs","accept":"application/json","rejectUnauthorized":false,"msg":"Options to send in API request","time":"2015-01-05T01:01:57.012Z","v":0}
{"name":"att.webrtc.dhs","hostname":"Vus-MacBook-Pro.local","pid":11747,"level":30,"msg":"DONE: Created stringClient","time":"2015-01-05T01:01:57.012Z","v":0}
{"name":"att.webrtc.dhs","hostname":"Vus-MacBook-Pro.local","pid":11747,"level":30,"msg":"{\"access_token\":\"9iFfvyvRVyuTnC83ZqAOLYJwFaKB089e\",\"token_type\":\"bearer\",\"expires_in\":157680000,\"refresh_token\":\"ZNE49Jd7s96lksIZVWKqrEiiQmxn9tV2\"} SUCCESS invoking API","time":"2015-01-05T01:01:57.717Z","v":0}
{"name":"att.webrtc.dhs","hostname":"Vus-MacBook-Pro.local","pid":11747,"level":30,"app_scope":"ACCOUNT_ID","msg":">>> createAccessToken","time":"2015-01-05T01:01:58.258Z","v":0}
{"name":"att.webrtc.dhs","hostname":"Vus-MacBook-Pro.local","pid":11747,"level":30,"msg":"ADDED: CORS Headers","time":"2015-01-05T01:01:58.258Z","v":0}
{"name":"att.webrtc.dhs","hostname":"Vus-MacBook-Pro.local","pid":11747,"level":30,"msg":"Calculated grant_type: client_credentials","time":"2015-01-05T01:01:58.258Z","v":0}
{"name":"att.webrtc.dhs","hostname":"Vus-MacBook-Pro.local","pid":11747,"level":30,"msg":"Calculated scope: WEBRTC","time":"2015-01-05T01:01:58.258Z","v":0}
{"name":"att.webrtc.dhs","hostname":"Vus-MacBook-Pro.local","pid":11747,"level":30,"client_id":"h8qgmjdlnpo46wny7uansluas9av4cxn","client_secret":"bjiycsteytv5pn599bezyslxirplibk5","grant_type":"client_credentials","scope":"WEBRTC","msg":"DONE: API request payload prepared","time":"2015-01-05T01:01:58.258Z","v":0}
{"name":"att.webrtc.dhs","hostname":"Vus-MacBook-Pro.local","pid":11747,"level":30,"url":"https://api.att.com","userAgent":"att.webrtc.dhs","accept":"application/json","rejectUnauthorized":false,"msg":"Options to send in API request","time":"2015-01-05T01:01:58.258Z","v":0}
{"name":"att.webrtc.dhs","hostname":"Vus-MacBook-Pro.local","pid":11747,"level":30,"msg":"DONE: Created stringClient","time":"2015-01-05T01:01:58.259Z","v":0}
{"name":"att.webrtc.dhs","hostname":"Vus-MacBook-Pro.local","pid":11747,"level":30,"msg":"{\"access_token\":\"dfybrZ6XCXQBobOKxGZbcXdHqT2tF0Dp\",\"token_type\":\"bearer\",\"expires_in\":157680000,\"refresh_token\":\"omGe96P0lcKeB2uK2pgW3avILnVezHrc\"} SUCCESS invoking API","time":"2015-01-05T01:01:59.075Z","v":0}
{"name":"att.webrtc.dhs","hostname":"Vus-MacBook-Pro.local","pid":11747,"level":30,"app_scope":"ACCOUNT_ID","msg":">>> createAccessToken","time":"2015-01-05T01:02:09.266Z","v":0}
{"name":"att.webrtc.dhs","hostname":"Vus-MacBook-Pro.local","pid":11747,"level":30,"msg":"ADDED: CORS Headers","time":"2015-01-05T01:02:09.266Z","v":0}
{"name":"att.webrtc.dhs","hostname":"Vus-MacBook-Pro.local","pid":11747,"level":30,"msg":"Calculated grant_type: client_credentials","time":"2015-01-05T01:02:09.266Z","v":0}
{"name":"att.webrtc.dhs","hostname":"Vus-MacBook-Pro.local","pid":11747,"level":30,"msg":"Calculated scope: WEBRTC","time":"2015-01-05T01:02:09.266Z","v":0}
{"name":"att.webrtc.dhs","hostname":"Vus-MacBook-Pro.local","pid":11747,"level":30,"client_id":"h8qgmjdlnpo46wny7uansluas9av4cxn","client_secret":"bjiycsteytv5pn599bezyslxirplibk5","grant_type":"client_credentials","scope":"WEBRTC","msg":"DONE: API request payload prepared","time":"2015-01-05T01:02:09.266Z","v":0}
{"name":"att.webrtc.dhs","hostname":"Vus-MacBook-Pro.local","pid":11747,"level":30,"url":"https://api.att.com","userAgent":"att.webrtc.dhs","accept":"application/json","rejectUnauthorized":false,"msg":"Options to send in API request","time":"2015-01-05T01:02:09.266Z","v":0}
{"name":"att.webrtc.dhs","hostname":"Vus-MacBook-Pro.local","pid":11747,"level":30,"msg":"DONE: Created stringClient","time":"2015-01-05T01:02:09.267Z","v":0}
{"name":"att.webrtc.dhs","hostname":"Vus-MacBook-Pro.local","pid":11747,"level":30,"msg":"{\"access_token\":\"Z7UGq09ZcMKiONlpYuZyRWN1sWJ9fEeo\",\"token_type\":\"bearer\",\"expires_in\":157680000,\"refresh_token\":\"JIsGDiSgsQXDB4FGVJvqkpFWxAPWzRav\"} SUCCESS invoking API","time":"2015-01-05T01:02:10.042Z","v":0}
{"name":"att.webrtc.dhs","hostname":"Vus-MacBook-Pro.local","pid":11747,"level":30,"app_scope":"ACCOUNT_ID","msg":">>> createAccessToken","time":"2015-01-05T01:02:10.965Z","v":0}
{"name":"att.webrtc.dhs","hostname":"Vus-MacBook-Pro.local","pid":11747,"level":30,"msg":"ADDED: CORS Headers","time":"2015-01-05T01:02:10.965Z","v":0}
{"name":"att.webrtc.dhs","hostname":"Vus-MacBook-Pro.local","pid":11747,"level":30,"msg":"Calculated grant_type: client_credentials","time":"2015-01-05T01:02:10.965Z","v":0}
{"name":"att.webrtc.dhs","hostname":"Vus-MacBook-Pro.local","pid":11747,"level":30,"msg":"Calculated scope: WEBRTC","time":"2015-01-05T01:02:10.965Z","v":0}
{"name":"att.webrtc.dhs","hostname":"Vus-MacBook-Pro.local","pid":11747,"level":30,"client_id":"h8qgmjdlnpo46wny7uansluas9av4cxn","client_secret":"bjiycsteytv5pn599bezyslxirplibk5","grant_type":"client_credentials","scope":"WEBRTC","msg":"DONE: API request payload prepared","time":"2015-01-05T01:02:10.965Z","v":0}
{"name":"att.webrtc.dhs","hostname":"Vus-MacBook-Pro.local","pid":11747,"level":30,"url":"https://api.att.com","userAgent":"att.webrtc.dhs","accept":"application/json","rejectUnauthorized":false,"msg":"Options to send in API request","time":"2015-01-05T01:02:10.965Z","v":0}
{"name":"att.webrtc.dhs","hostname":"Vus-MacBook-Pro.local","pid":11747,"level":30,"msg":"DONE: Created stringClient","time":"2015-01-05T01:02:10.965Z","v":0}
{"name":"att.webrtc.dhs","hostname":"Vus-MacBook-Pro.local","pid":11747,"level":30,"msg":"{\"access_token\":\"jdA2YZDtk5vDRKOqtl7Fflb2ealltfPB\",\"token_type\":\"bearer\",\"expires_in\":157680000,\"refresh_token\":\"0txKRqJA32GC7Rka9v4kaVcXk7nRM92W\"} SUCCESS invoking API","time":"2015-01-05T01:02:11.742Z","v":0}
